
1) Add data
2) Display data
3) Remove class
4) Load XML
5) Write XML
6) Find feature
7) Calculate species
0) Quit
Choice:> [34;1m4[0m
 File name:> [34;1mfullClean.xml[0m
 
1) Add data
2) Display data
3) Remove class
4) Load XML
5) Write XML
6) Find feature
7) Calculate species
0) Quit
Choice:> [34;1m6[0m
 TODO

1) Add data
2) Display data
3) Remove class
4) Load XML
5) Write XML
6) Find feature
7) Calculate species
0) Quit
Choice:> [34;1mfur[0m
 java.lang.NumberFormatException: For input string: "fur"
1) Add data
2) Display data
3) Remove class
4) Load XML
5) Write XML
6) Find feature
7) Calculate species
0) Quit
Choice:> [34;1m6[0m
 TODO

1) Add data
2) Display data
3) Remove class
4) Load XML
5) Write XML
6) Find feature
7) Calculate species
0) Quit
Choice:> [34;1mcarnivore[0m
 java.lang.NumberFormatException: For input string: "carnivore"
1) Add data
2) Display data
3) Remove class
4) Load XML
5) Write XML
6) Find feature
7) Calculate species
0) Quit
Choice:> [34;1m6[0m
 TODO

1) Add data
2) Display data
3) Remove class
4) Load XML
5) Write XML
6) Find feature
7) Calculate species
0) Quit
Choice:> [34;1mfangs[0m
 java.lang.NumberFormatException: For input string: "fangs"
1) Add data
2) Display data
3) Remove class
4) Load XML
5) Write XML
6) Find feature
7) Calculate species
0) Quit
Choice:> [34;1m6[0m
 TODO

1) Add data
2) Display data
3) Remove class
4) Load XML
5) Write XML
6) Find feature
7) Calculate species
0) Quit
Choice:> [34;1maquatic[0m
 java.lang.NumberFormatException: For input string: "aquatic"
1) Add data
2) Display data
3) Remove class
4) Load XML
5) Write XML
6) Find feature
7) Calculate species
0) Quit
Choice:> [34;1m6[0m
 TODO

1) Add data
2) Display data
3) Remove class
4) Load XML
5) Write XML
6) Find feature
7) Calculate species
0) Quit
Choice:> [34;1mground feeder[0m
 java.lang.NumberFormatException: For input string: "ground feeder"
1) Add data
2) Display data
3) Remove class
4) Load XML
5) Write XML
6) Find feature
7) Calculate species
0) Quit
Choice:> [34;1m6[0m
 TODO

1) Add data
2) Display data
3) Remove class
4) Load XML
5) Write XML
6) Find feature
7) Calculate species
0) Quit
Choice:> [34;1mbroad head[0m
 java.lang.NumberFormatException: For input string: "broad head"
1) Add data
2) Display data
3) Remove class
4) Load XML
5) Write XML
6) Find feature
7) Calculate species
0) Quit
Choice:> [34;1m6[0m
 TODO

1) Add data
2) Display data
3) Remove class
4) Load XML
5) Write XML
6) Find feature
7) Calculate species
0) Quit
Choice:> [34;1mxyz[0m
 java.lang.NumberFormatException: For input string: "xyz"
1) Add data
2) Display data
3) Remove class
4) Load XML
5) Write XML
6) Find feature
7) Calculate species
0) Quit
Choice:> [34;1m1[0m
 What class:> [34;1maves[0m
 What order:> [34;1mPasseriformes[0m
 Added order
Continue (y/n):> [34;1my[0m
 What family:> [34;1mTurdidae[0m
 Added family
Continue (y/n):> [34;1my[0m
 Add feature (y/n):> [34;1my[0m
 
What feature:> [34;1msings[0m
 Add feature (y/n):> [34;1mn[0m
 Add summary (y/n):> [34;1mn[0m
 
1) Add data
2) Display data
3) Remove class
4) Load XML
5) Write XML
6) Find feature
7) Calculate species
0) Quit
Choice:> [34;1m2[0m
 r
e:> [34;1m6[0m

----Family: Canidae
----feature: Fangs, Tail

------Genus: 12  Species: 37  Examples: Dog, Wolf, Coyote----Family: felidae
----feature: Fangs, retractable claws, Tail

------Genus: 18  Species: 36  Examples: Lion, tiger, domestic catc
----Family: Delphinidae
----feature: echolocation, beak

------Genus: 17  Species: 32  Examples: dolphins, porpoises, and whales
k:> [34;1msings[0m

r:> [34;1m0[0m

----Family: phasianidae
----feature: terrestrial

------Genus: 12  Species: 150  Examples: Turkeys, Chickens, Quailse
----Family: Apterygidae
----feature: small

------Genus: 67  Species: 233  Examples: Eagle, Hawk, Kitesd
----Family: Apterygidae
----feature: small

------Genus: 1  Species: 5  Examples: Kiwi----Family: Dromaiidae
----feature: tail-less

------Genus: 1  Species: 1  Examples: Emu----Family: Struthionidae
----feature: large

------Genus: 1  Species: 2  Examples: Ostrich--Order: Passeriformes
--feature:
----Family: Turdidae
----feature: sings

------Genus: 0  Species: 0  Examples:
s:> [34;1mNULL[0m

m:> [34;1mNULL[0m

----Family: Sphyrnidae
----feature: broad head

------Genus: 2  Species: 9  Examples: hammerhead shark

1) Add data
2) Display data
3) Remove class
4) Load XML
5) Write XML
6) Find feature
7) Calculate species
0) Quit
Choice:> [34;1mNULL[0m
 TODO

1) Add data
2) Display data
3) Remove class
4) Load XML
5) Write XML
6) Find feature
7) Calculate species
0) Quit
Choice:> [34;1mNULL[0m
 java.lang.NumberFormatException: For input string: "sings"
1) Add data
2) Display data
3) Remove class
4) Load XML
5) Write XML
6) Find feature
7) Calculate species
0) Quit
Choice:> [34;1mNULL[0m
 
