
1) Add data
2) Display data
3) Remove class
4) Load XML
5) Write XML
6) Find feature
7) Calculate species
0) Quit
Choice:> File name:> 
1) Add data
2) Display data
3) Remove class
4) Load XML
5) Write XML
6) Find feature
7) Calculate species
0) Quit
Choice:> k
r
----Family: phasianidae
----feature: terrestrial

------Genus: 12  Species: 150  Examples: Turkeys, Chickens, Quailse
----Family: Apterygidae
----feature: small

------Genus: 67  Species: 233  Examples: Eagle, Hawk, Kitesd
----Family: Apterygidae
----feature: small

------Genus: 1  Species: 5  Examples: Kiwi----Family: Dromaiidae
----feature: tail-less

------Genus: 1  Species: 1  Examples: Emu----Family: Struthionidae
----feature: large

------Genus: 1  Species: 2  Examples: Ostrich

1) Add data
2) Display data
3) Remove class
4) Load XML
5) Write XML
6) Find feature
7) Calculate species
0) Quit
Choice:> File name:> 
1) Add data
2) Display data
3) Remove class
4) Load XML
5) Write XML
6) Find feature
7) Calculate species
0) Quit
Choice:> k
r
----Family: phasianidae
----feature: terrestrial

------Genus: 12  Species: 150  Examples: Turkeys, Chickens, Quailse
----Family: Apterygidae
----feature: small

------Genus: 67  Species: 233  Examples: Eagle, Hawk, Kitesd
----Family: Apterygidae
----feature: small

------Genus: 1  Species: 5  Examples: Kiwi----Family: Dromaiidae
----feature: tail-less

------Genus: 1  Species: 1  Examples: Emu----Family: Struthionidae
----feature: large

------Genus: 1  Species: 2  Examples: Ostrich
r
e
----Family: Canidae
----feature: Fangs, Tail

------Genus: 12  Species: 37  Examples: Dog, Wolf, Coyote----Family: felidae
----feature: Fangs, retractable claws, Tail

------Genus: 18  Species: 36  Examples: Lion, tiger, domestic catc
----Family: Delphinidae
----feature: echolocation, beak

------Genus: 17  Species: 32  Examples: dolphins, porpoises, and whales

1) Add data
2) Display data
3) Remove class
4) Load XML
5) Write XML
6) Find feature
7) Calculate species
0) Quit
Choice:> 
