
1) Add data
2) Display data
3) Remove class
4) Load XML
5) Write XML
6) Find feature
7) Calculate species
0) Quit
Choice:> [34;1m1[0m
 What class:> [34;1mmammalia[0m
 Added class
Continue (y/n):> [34;1my[0m
 What order:> [34;1mCarnivora[0m
 Added order
Continue (y/n):> [34;1my[0m
 What family:> [34;1mcanidae[0m
 Added family
Continue (y/n):> [34;1mY[0m
 Add feature (y/n):> [34;1my[0m
 
What feature:> [34;1mtail[0m
 Add feature (y/n):> [34;1my[0m
 
What feature:> [34;1mfangs[0m
 Add feature (y/n):> [34;1my[0m
 
What feature:> [34;1mfur[0m
 Add feature (y/n):> [34;1mn[0m
 Add summary (y/n):> [34;1my[0m
 Update genus count (0):> [34;1m12[0m
 Update species count (0):> [34;1m27[0m
 Add example (y/n):> [34;1my[0m
 What example:> [34;1mdog[0m
 Add example (y/n):> [34;1my[0m
 What example:> [34;1mwolf[0m
 Add example (y/n):> [34;1my[0m
 What example:> [34;1mcoyote[0m
 Add example (y/n):> [34;1mn[0m
 
1) Add data
2) Display data
3) Remove class
4) Load XML
5) Write XML
6) Find feature
7) Calculate species
0) Quit
Choice:> [34;1m4[0m
 File name:> [34;1maves.xml[0m
 
1) Add data
2) Display data
3) Remove class
4) Load XML
5) Write XML
6) Find feature
7) Calculate species
0) Quit
Choice:> [34;1m2[0m
 Class: mammalia
feature:
--Order: Carnivora
--feature:
----Family: canidae
----feature: tail, fangs, fur

------Genus: 12  Species: 27  Examples: dog, wolf, coyote

Class: aves
feature: Feathers, beak
--Order: galliforme
--feature: chicken-like, ground feeder
----Family: phasianidae
----feature: terrestrial

------Genus: 12  Species: 150  Examples: Turkeys, Chickens, Quails
--Order: Falconiformes
--feature: diurnal, carnivore
----Family: Apterygidae
----feature: small

------Genus: 67  Species: 233  Examples: Eagle, Hawk, Kites
--Order: Struthioniformes
--feature: flightless, omnivore, three-toed
----Family: Apterygidae
----feature: small

------Genus: 1  Species: 5  Examples: Kiwi
----Family: Dromaiidae
----feature: tail-less

------Genus: 1  Species: 1  Examples: Emu
----Family: Struthionidae
----feature: large

------Genus: 1  Species: 2  Examples: Ostrich


1) Add data
2) Display data
3) Remove class
4) Load XML
5) Write XML
6) Find feature
7) Calculate species
0) Quit
Choice:> [34;1m1[0m
 What class:> [34;1maves[0m
 What order:> [34;1mgalliforme[0m
 What family:> [34;1mphasianidae[0m
 Add feature (y/n):> [34;1mn[0m
 Add summary (y/n):> [34;1my[0m
 Update genus count (12):> [34;1m12[0m
 Update species count (150):> [34;1m151[0m
 Add example (y/n):> [34;1my[0m
 What example:> [34;1mpheasant[0m
 Add example (y/n):> [34;1mn[0m
 
1) Add data
2) Display data
3) Remove class
4) Load XML
5) Write XML
6) Find feature
7) Calculate species
0) Quit
Choice:> [34;1m1[0m
 What class:> [34;1maves[0m
 What order:> [34;1mPasseriformes[0m
 Added order
Continue (y/n):> [34;1my[0m
 What family:> [34;1mTurdidae[0m
 Added family
Continue (y/n):> [34;1my[0m
 Add feature (y/n):> [34;1my[0m
 
What feature:> [34;1momnivore[0m
 Add feature (y/n):> [34;1mn[0m
 Add summary (y/n):> [34;1my[0m
 Update genus count (0):> [34;1m21[0m
 Update species count (0):> [34;1m171[0m
 Add example (y/n):> [34;1my[0m
 What example:> [34;1mblue bird[0m
 Add example (y/n):> [34;1mn[0m
 
1) Add data
2) Display data
3) Remove class
4) Load XML
5) Write XML
6) Find feature
7) Calculate species
0) Quit
Choice:> [34;1m2[0m
 Class: mammalia
feature:
--Order: Carnivora
--feature:
----Family: canidae
----feature: tail, fangs, fur

------Genus: 12  Species: 27  Examples: dog, wolf, coyote

Class: aves
feature: Feathers, beak
--Order: galliforme
--feature: chicken-like, ground feeder
----Family: phasianidae
----feature: terrestrial

------Genus: 12  Species: 151  Examples: Turkeys, Chickens, Quails, pheasant
--Order: Falconiformes
--feature: diurnal, carnivore
----Family: Apterygidae
----feature: small

------Genus: 67  Species: 233  Examples: Eagle, Hawk, Kites
--Order: Struthioniformes
--feature: flightless, omnivore, three-toed
----Family: Apterygidae
----feature: small

------Genus: 1  Species: 5  Examples: Kiwi
----Family: Dromaiidae
----feature: tail-less

------Genus: 1  Species: 1  Examples: Emu
----Family: Struthionidae
----feature: large

------Genus: 1  Species: 2  Examples: Ostrich
--Order: Passeriformes
--feature:
----Family: Turdidae
----feature: omnivore

------Genus: 21  Species: 171  Examples: blue bird


1) Add data
2) Display data
3) Remove class
4) Load XML
5) Write XML
6) Find feature
7) Calculate species
0) Quit
Choice:> [34;1m3[0m
 What class:> [34;1mmammalia[0m
 Removed mammalia

1) Add data
2) Display data
3) Remove class
4) Load XML
5) Write XML
6) Find feature
7) Calculate species
0) Quit
Choice:> [34;1m2[0m
 Class: aves
feature: Feathers, beak
--Order: galliforme
--feature: chicken-like, ground feeder
----Family: phasianidae
----feature: terrestrial

------Genus: 12  Species: 151  Examples: Turkeys, Chickens, Quails, pheasant
--Order: Falconiformes
--feature: diurnal, carnivore
----Family: Apterygidae
----feature: small

------Genus: 67  Species: 233  Examples: Eagle, Hawk, Kites
--Order: Struthioniformes
--feature: flightless, omnivore, three-toed
----Family: Apterygidae
----feature: small

------Genus: 1  Species: 5  Examples: Kiwi
----Family: Dromaiidae
----feature: tail-less

------Genus: 1  Species: 1  Examples: Emu
----Family: Struthionidae
----feature: large

------Genus: 1  Species: 2  Examples: Ostrich
--Order: Passeriformes
--feature:
----Family: Turdidae
----feature: omnivore

------Genus: 21  Species: 171  Examples: blue bird


1) Add data
2) Display data
3) Remove class
4) Load XML
5) Write XML
6) Find feature
7) Calculate species
0) Quit
Choice:> [34;1m1[0m
 What class:> [34;1mChondrichthyes[0m
 Added class
Continue (y/n):> [34;1my[0m
 What order:> [34;1mCarcharhiniformes[0m
 Added order
Continue (y/n):> [34;1my[0m
 What family:> [34;1mSphyrnidae[0m
 Added family
Continue (y/n):> [34;1mY[0m
 Add feature (y/n):> [34;1my[0m
 
What feature:> [34;1mdorsal fin[0m
 Add feature (y/n):> [34;1my[0m
 
What feature:> [34;1mgills[0m
 Add feature (y/n):> [34;1my[0m
 
What feature:> [34;1mcarnivore[0m
 Add feature (y/n):> [34;1mn[0m
 Add summary (y/n):> [34;1my[0m
 Update genus count (0):> [34;1m2[0m
 Update species count (0):> [34;1m9[0m
 Add example (y/n):> [34;1my[0m
 What example:> [34;1mhammerhead shark[0m
 Add example (y/n):> [34;1mn[0m
 
1) Add data
2) Display data
3) Remove class
4) Load XML
5) Write XML
6) Find feature
7) Calculate species
0) Quit
Choice:> [34;1m2[0m
 Class: aves
feature: Feathers, beak
--Order: galliforme
--feature: chicken-like, ground feeder
----Family: phasianidae
----feature: terrestrial

------Genus: 12  Species: 151  Examples: Turkeys, Chickens, Quails, pheasant
--Order: Falconiformes
--feature: diurnal, carnivore
----Family: Apterygidae
----feature: small

------Genus: 67  Species: 233  Examples: Eagle, Hawk, Kites
--Order: Struthioniformes
--feature: flightless, omnivore, three-toed
----Family: Apterygidae
----feature: small

------Genus: 1  Species: 5  Examples: Kiwi
----Family: Dromaiidae
----feature: tail-less

------Genus: 1  Species: 1  Examples: Emu
----Family: Struthionidae
----feature: large

------Genus: 1  Species: 2  Examples: Ostrich
--Order: Passeriformes
--feature:
----Family: Turdidae
----feature: omnivore

------Genus: 21  Species: 171  Examples: blue bird

Class: Chondrichthyes
feature:
--Order: Carcharhiniformes
--feature:
----Family: Sphyrnidae
----feature: dorsal fin, gills, carnivore

------Genus: 2  Species: 9  Examples: hammerhead shark


1) Add data
2) Display data
3) Remove class
4) Load XML
5) Write XML
6) Find feature
7) Calculate species
0) Quit
Choice:> [34;1m5[0m
 File name:> [34;1mtier3_Out.xml[0m
 
1) Add data
2) Display data
3) Remove class
4) Load XML
5) Write XML
6) Find feature
7) Calculate species
0) Quit
Choice:> [34;1m3[0m
 What class:> [34;1mChondrichthyes[0m
 Class not found

1) Add data
2) Display data
3) Remove class
4) Load XML
5) Write XML
6) Find feature
7) Calculate species
0) Quit
Choice:> [34;1m3[0m
 What class:> [34;1maves[0m
 Removed aves

1) Add data
2) Display data
3) Remove class
4) Load XML
5) Write XML
6) Find feature
7) Calculate species
0) Quit
Choice:> [34;1m4[0m
 File name:> [34;1mtier3_Out.xml[0m
 
1) Add data
2) Display data
3) Remove class
4) Load XML
5) Write XML
6) Find feature
7) Calculate species
0) Quit
Choice:> [34;1m2[0m
 Class: Chondrichthyes
feature:
--Order: Carcharhiniformes
--feature:
----Family: Sphyrnidae
----feature: dorsal fin, gills, carnivore

------Genus: 2  Species: 9  Examples: hammerhead shark

Class: aves
feature: Feathers, beak
--Order: galliforme
--feature: chicken-like, ground feeder
----Family: phasianidae
----feature: terrestrial

------Genus: 12  Species: 151  Examples: Turkeys, Chickens, Quails, pheasant
--Order: Falconiformes
--feature: diurnal, carnivore
----Family: Apterygidae
----feature: small

------Genus: 67  Species: 233  Examples: Eagle, Hawk, Kites
--Order: Struthioniformes
--feature: flightless, omnivore, three-toed
----Family: Apterygidae
----feature: small

------Genus: 1  Species: 5  Examples: Kiwi
----Family: Dromaiidae
----feature: tail-less

------Genus: 1  Species: 1  Examples: Emu
----Family: Struthionidae
----feature: large

------Genus: 1  Species: 2  Examples: Ostrich
--Order: Passeriformes
--feature:
----Family: Turdidae
----feature: omnivore

------Genus: 21  Species: 171  Examples: blue bird

Class: Chondrichthyes
feature:
--Order: Carcharhiniformes
--feature:
----Family: Sphyrnidae
----feature: dorsal fin, gills, carnivore

------Genus: 2  Species: 9  Examples: hammerhead shark


1) Add data
2) Display data
3) Remove class
4) Load XML
5) Write XML
6) Find feature
7) Calculate species
0) Quit
Choice:> [34;1m1[0m
 What class:> [34;1mChondrichthyes[0m
 What order:> [34;1mCarcharhiniformes[0m
 What family:> [34;1mSphyrnidae[0m
 Add feature (y/n):> [34;1mn[0m
 Add summary (y/n):> [34;1my[0m
 Update genus count (2):> [34;1m2[0m
 Update species count (9):> [34;1m9[0m
 Add example (y/n):> [34;1my[0m
 What example:> [34;1mbonnethead shark[0m
 Add example (y/n):> [34;1mn[0m
 
1) Add data
2) Display data
3) Remove class
4) Load XML
5) Write XML
6) Find feature
7) Calculate species
0) Quit
Choice:> [34;1m2[0m
 Class: Chondrichthyes
feature:
--Order: Carcharhiniformes
--feature:
----Family: Sphyrnidae
----feature: dorsal fin, gills, carnivore

------Genus: 2  Species: 9  Examples: hammerhead shark, bonnethead shark

Class: aves
feature: Feathers, beak
--Order: galliforme
--feature: chicken-like, ground feeder
----Family: phasianidae
----feature: terrestrial

------Genus: 12  Species: 151  Examples: Turkeys, Chickens, Quails, pheasant
--Order: Falconiformes
--feature: diurnal, carnivore
----Family: Apterygidae
----feature: small

------Genus: 67  Species: 233  Examples: Eagle, Hawk, Kites
--Order: Struthioniformes
--feature: flightless, omnivore, three-toed
----Family: Apterygidae
----feature: small

------Genus: 1  Species: 5  Examples: Kiwi
----Family: Dromaiidae
----feature: tail-less

------Genus: 1  Species: 1  Examples: Emu
----Family: Struthionidae
----feature: large

------Genus: 1  Species: 2  Examples: Ostrich
--Order: Passeriformes
--feature:
----Family: Turdidae
----feature: omnivore

------Genus: 21  Species: 171  Examples: blue bird

Class: Chondrichthyes
feature:
--Order: Carcharhiniformes
--feature:
----Family: Sphyrnidae
----feature: dorsal fin, gills, carnivore

------Genus: 2  Species: 9  Examples: hammerhead shark


1) Add data
2) Display data
3) Remove class
4) Load XML
5) Write XML
6) Find feature
7) Calculate species
0) Quit
Choice:> [34;1m0[0m
 
