
1) Add data
2) Display data
3) Remove class
4) Load XML
5) Write XML
6) Find feature
7) Calculate species
0) Quit
Choice:> What class:> Added class
Continue (y/n):> What order:> Added order
Continue (y/n):> What family:> Added family
Continue (y/n):> Add feature (y/n):> 
What feature:> Add feature (y/n):> 
What feature:> Add feature (y/n):> 
What feature:> Add feature (y/n):> Add summary (y/n):> Update genus count (0):> Update species count (0):> Add example (y/n):> What example:> Add example (y/n):> What example:> Add example (y/n):> What example:> Add example (y/n):> 
1) Add data
2) Display data
3) Remove class
4) Load XML
5) Write XML
6) Find feature
7) Calculate species
0) Quit
Choice:> File name:> 
1) Add data
2) Display data
3) Remove class
4) Load XML
5) Write XML
6) Find feature
7) Calculate species
0) Quit
Choice:> Class: mammalia
feature:
--Order: Carnivora
--feature:
----Family: canidae
----feature: tail, fangs, fur

------Genus: 12  Species: 27  Examples: dog, wolf, coyote
k
r
----Family: phasianidae
----feature: terrestrial

------Genus: 12  Species: 150  Examples: Turkeys, Chickens, Quailse
----Family: Apterygidae
----feature: small

------Genus: 67  Species: 233  Examples: Eagle, Hawk, Kitesd
----Family: Apterygidae
----feature: small

------Genus: 1  Species: 5  Examples: Kiwi----Family: Dromaiidae
----feature: tail-less

------Genus: 1  Species: 1  Examples: Emu----Family: Struthionidae
----feature: large

------Genus: 1  Species: 2  Examples: Ostrich

1) Add data
2) Display data
3) Remove class
4) Load XML
5) Write XML
6) Find feature
7) Calculate species
0) Quit
Choice:> What class:> What order:> What family:> Add feature (y/n):> Add summary (y/n):> Update genus count (12):> Update species count (150):> Add example (y/n):> What example:> Add example (y/n):> 
1) Add data
2) Display data
3) Remove class
4) Load XML
5) Write XML
6) Find feature
7) Calculate species
0) Quit
Choice:> What class:> What order:> Added order
Continue (y/n):> What family:> Added family
Continue (y/n):> Add feature (y/n):> 
What feature:> Add feature (y/n):> Add summary (y/n):> Update genus count (0):> Update species count (0):> Add example (y/n):> What example:> Add example (y/n):> 
1) Add data
2) Display data
3) Remove class
4) Load XML
5) Write XML
6) Find feature
7) Calculate species
0) Quit
Choice:> Class: mammalia
feature:
--Order: Carnivora
--feature:
----Family: canidae
----feature: tail, fangs, fur

------Genus: 12  Species: 27  Examples: dog, wolf, coyote
k
r
----Family: phasianidae
----feature: terrestrial

------Genus: 12  Species: 151  Examples: Turkeys, Chickens, Quails, pheasante
----Family: Apterygidae
----feature: small

------Genus: 67  Species: 233  Examples: Eagle, Hawk, Kitesd
----Family: Apterygidae
----feature: small

------Genus: 1  Species: 5  Examples: Kiwi----Family: Dromaiidae
----feature: tail-less

------Genus: 1  Species: 1  Examples: Emu----Family: Struthionidae
----feature: large

------Genus: 1  Species: 2  Examples: Ostrich--Order: Passeriformes
--feature:
----Family: Turdidae
----feature: omnivore

------Genus: 21  Species: 171  Examples: blue bird

1) Add data
2) Display data
3) Remove class
4) Load XML
5) Write XML
6) Find feature
7) Calculate species
0) Quit
Choice:> What class:> Removed mammalia

1) Add data
2) Display data
3) Remove class
4) Load XML
5) Write XML
6) Find feature
7) Calculate species
0) Quit
Choice:> k
r
----Family: phasianidae
----feature: terrestrial

------Genus: 12  Species: 151  Examples: Turkeys, Chickens, Quails, pheasante
----Family: Apterygidae
----feature: small

------Genus: 67  Species: 233  Examples: Eagle, Hawk, Kitesd
----Family: Apterygidae
----feature: small

------Genus: 1  Species: 5  Examples: Kiwi----Family: Dromaiidae
----feature: tail-less

------Genus: 1  Species: 1  Examples: Emu----Family: Struthionidae
----feature: large

------Genus: 1  Species: 2  Examples: Ostrich--Order: Passeriformes
--feature:
----Family: Turdidae
----feature: omnivore

------Genus: 21  Species: 171  Examples: blue bird

1) Add data
2) Display data
3) Remove class
4) Load XML
5) Write XML
6) Find feature
7) Calculate species
0) Quit
Choice:> What class:> Added class
Continue (y/n):> What order:> Added order
Continue (y/n):> What family:> Added family
Continue (y/n):> Add feature (y/n):> 
What feature:> Add feature (y/n):> 
What feature:> Add feature (y/n):> 
What feature:> Add feature (y/n):> Add summary (y/n):> Update genus count (0):> Update species count (0):> Add example (y/n):> What example:> Add example (y/n):> 
1) Add data
2) Display data
3) Remove class
4) Load XML
5) Write XML
6) Find feature
7) Calculate species
0) Quit
Choice:> k
r
----Family: phasianidae
----feature: terrestrial

------Genus: 12  Species: 151  Examples: Turkeys, Chickens, Quails, pheasante
----Family: Apterygidae
----feature: small

------Genus: 67  Species: 233  Examples: Eagle, Hawk, Kitesd
----Family: Apterygidae
----feature: small

------Genus: 1  Species: 5  Examples: Kiwi----Family: Dromaiidae
----feature: tail-less

------Genus: 1  Species: 1  Examples: Emu----Family: Struthionidae
----feature: large

------Genus: 1  Species: 2  Examples: Ostrich--Order: Passeriformes
--feature:
----Family: Turdidae
----feature: omnivore

------Genus: 21  Species: 171  Examples: blue bird
Class: Chondrichthyes
feature:
--Order: Carcharhiniformes
--feature:
----Family: Sphyrnidae
----feature: dorsal fin, gills, carnivore

------Genus: 2  Species: 9  Examples: hammerhead shark

1) Add data
2) Display data
3) Remove class
4) Load XML
5) Write XML
6) Find feature
7) Calculate species
0) Quit
Choice:> File name:> 
1) Add data
2) Display data
3) Remove class
4) Load XML
5) Write XML
6) Find feature
7) Calculate species
0) Quit
Choice:> What class:> Class not found

1) Add data
2) Display data
3) Remove class
4) Load XML
5) Write XML
6) Find feature
7) Calculate species
0) Quit
Choice:> What class:> Removed aves

1) Add data
2) Display data
3) Remove class
4) Load XML
5) Write XML
6) Find feature
7) Calculate species
0) Quit
Choice:> File name:> 
1) Add data
2) Display data
3) Remove class
4) Load XML
5) Write XML
6) Find feature
7) Calculate species
0) Quit
Choice:> Class: Chondrichthyes
feature:
--Order: Carcharhiniformes
--feature:
----Family: Sphyrnidae
----feature: dorsal fin, gills, carnivore

------Genus: 2  Species: 9  Examples: hammerhead shark
k
r
----Family: phasianidae
----feature: terrestrial

------Genus: 12  Species: 151  Examples: Turkeys, Chickens, Quails, pheasante
----Family: Apterygidae
----feature: small

------Genus: 67  Species: 233  Examples: Eagle, Hawk, Kitesd
----Family: Apterygidae
----feature: small

------Genus: 1  Species: 5  Examples: Kiwi----Family: Dromaiidae
----feature: tail-less

------Genus: 1  Species: 1  Examples: Emu----Family: Struthionidae
----feature: large

------Genus: 1  Species: 2  Examples: Ostrich--Order: Passeriformes
--feature:
----Family: Turdidae
----feature: omnivore

------Genus: 21  Species: 171  Examples: blue bird
Class: Chondrichthyes
feature:
--Order: Carcharhiniformes
--feature:
----Family: Sphyrnidae
----feature: dorsal fin, gills, carnivore

------Genus: 2  Species: 9  Examples: hammerhead shark

1) Add data
2) Display data
3) Remove class
4) Load XML
5) Write XML
6) Find feature
7) Calculate species
0) Quit
Choice:> What class:> What order:> What family:> Add feature (y/n):> Add summary (y/n):> Update genus count (2):> Update species count (9):> Add example (y/n):> What example:> Add example (y/n):> 
1) Add data
2) Display data
3) Remove class
4) Load XML
5) Write XML
6) Find feature
7) Calculate species
0) Quit
Choice:> Class: Chondrichthyes
feature:
--Order: Carcharhiniformes
--feature:
----Family: Sphyrnidae
----feature: dorsal fin, gills, carnivore

------Genus: 2  Species: 9  Examples: hammerhead shark, bonnethead shark
k
r
----Family: phasianidae
----feature: terrestrial

------Genus: 12  Species: 151  Examples: Turkeys, Chickens, Quails, pheasante
----Family: Apterygidae
----feature: small

------Genus: 67  Species: 233  Examples: Eagle, Hawk, Kitesd
----Family: Apterygidae
----feature: small

------Genus: 1  Species: 5  Examples: Kiwi----Family: Dromaiidae
----feature: tail-less

------Genus: 1  Species: 1  Examples: Emu----Family: Struthionidae
----feature: large

------Genus: 1  Species: 2  Examples: Ostrich--Order: Passeriformes
--feature:
----Family: Turdidae
----feature: omnivore

------Genus: 21  Species: 171  Examples: blue bird
Class: Chondrichthyes
feature:
--Order: Carcharhiniformes
--feature:
----Family: Sphyrnidae
----feature: dorsal fin, gills, carnivore

------Genus: 2  Species: 9  Examples: hammerhead shark

1) Add data
2) Display data
3) Remove class
4) Load XML
5) Write XML
6) Find feature
7) Calculate species
0) Quit
Choice:> 
